
   INFO  No scheduled commands are ready to run.  


   INFO  No scheduled commands are ready to run.  


   INFO  No scheduled commands are ready to run.  


   INFO  No scheduled commands are ready to run.  


   INFO  No scheduled commands are ready to run.  


   INFO  No scheduled commands are ready to run.  


   INFO  No scheduled commands are ready to run.  


   INFO  No scheduled commands are ready to run.  


   INFO  No scheduled commands are ready to run.  


   INFO  No scheduled commands are ready to run.  


   INFO  No scheduled commands are ready to run.  


   INFO  No scheduled commands are ready to run.  


   INFO  No scheduled commands are ready to run.  


   INFO  No scheduled commands are ready to run.  


   INFO  No scheduled commands are ready to run.  


   INFO  No scheduled commands are ready to run.  


   INFO  No scheduled commands are ready to run.  


   INFO  No scheduled commands are ready to run.  


   INFO  No scheduled commands are ready to run.  


   INFO  No scheduled commands are ready to run.  


   INFO  No scheduled commands are ready to run.  


   INFO  No scheduled commands are ready to run.  


   INFO  No scheduled commands are ready to run.  


   INFO  No scheduled commands are ready to run.  


   INFO  No scheduled commands are ready to run.  


   INFO  No scheduled commands are ready to run.  


   INFO  No scheduled commands are ready to run.  


   INFO  No scheduled commands are ready to run.  


   INFO  No scheduled commands are ready to run.  


   INFO  No scheduled commands are ready to run.  


   INFO  No scheduled commands are ready to run.  


   INFO  No scheduled commands are ready to run.  


   INFO  No scheduled commands are ready to run.  


   INFO  No scheduled commands are ready to run.  


   INFO  No scheduled commands are ready to run.  


   INFO  No scheduled commands are ready to run.  


   INFO  No scheduled commands are ready to run.  


   INFO  No scheduled commands are ready to run.  


   INFO  No scheduled commands are ready to run.  


   INFO  No scheduled commands are ready to run.  


   INFO  No scheduled commands are ready to run.  


   INFO  No scheduled commands are ready to run.  


In LoadConfiguration.php line 66:
                                                
  Unable to load the "app" configuration file.  
                                                


   INFO  No scheduled commands are ready to run.  


   INFO  No scheduled commands are ready to run.  


   INFO  No scheduled commands are ready to run.  


   INFO  No scheduled commands are ready to run.  


   INFO  No scheduled commands are ready to run.  


   INFO  No scheduled commands are ready to run.  


   INFO  No scheduled commands are ready to run.  


   INFO  No scheduled commands are ready to run.  


   INFO  No scheduled commands are ready to run.  


   INFO  No scheduled commands are ready to run.  


   INFO  No scheduled commands are ready to run.  


   INFO  No scheduled commands are ready to run.  


   INFO  No scheduled commands are ready to run.  


   INFO  No scheduled commands are ready to run.  


   INFO  No scheduled commands are ready to run.  


   INFO  No scheduled commands are ready to run.  


   INFO  No scheduled commands are ready to run.  


   INFO  No scheduled commands are ready to run.  


   INFO  No scheduled commands are ready to run.  


   INFO  No scheduled commands are ready to run.  


   INFO  No scheduled commands are ready to run.  


   INFO  No scheduled commands are ready to run.  


   INFO  No scheduled commands are ready to run.  


   INFO  No scheduled commands are ready to run.  


   INFO  No scheduled commands are ready to run.  


   INFO  No scheduled commands are ready to run.  


   INFO  No scheduled commands are ready to run.  


   INFO  No scheduled commands are ready to run.  


   INFO  No scheduled commands are ready to run.  


   INFO  No scheduled commands are ready to run.  


   INFO  No scheduled commands are ready to run.  


   INFO  No scheduled commands are ready to run.  


   INFO  No scheduled commands are ready to run.  


   INFO  No scheduled commands are ready to run.  


   INFO  No scheduled commands are ready to run.  


   INFO  No scheduled commands are ready to run.  


   INFO  No scheduled commands are ready to run.  


   INFO  No scheduled commands are ready to run.  


   INFO  No scheduled commands are ready to run.  


   INFO  No scheduled commands are ready to run.  


   INFO  No scheduled commands are ready to run.  


   INFO  No scheduled commands are ready to run.  


   INFO  No scheduled commands are ready to run.  


   INFO  No scheduled commands are ready to run.  


   INFO  No scheduled commands are ready to run.  


   INFO  No scheduled commands are ready to run.  


   INFO  No scheduled commands are ready to run.  


   INFO  No scheduled commands are ready to run.  


   INFO  No scheduled commands are ready to run.  


   INFO  No scheduled commands are ready to run.  


   INFO  No scheduled commands are ready to run.  


   INFO  No scheduled commands are ready to run.  


   INFO  No scheduled commands are ready to run.  


   INFO  No scheduled commands are ready to run.  


Warning: require_once(/var/www/app/vendor/composer/autoload_real.php): Failed to open stream: Input/output error in /var/www/app/vendor/autoload.php on line 23

Fatal error: Uncaught Error: Failed opening required '/var/www/app/vendor/composer/autoload_real.php' (include_path='.:/usr/local/lib/php') in /var/www/app/vendor/autoload.php:23
Stack trace:
#0 /var/www/app/artisan(18): require()
#1 {main}
  thrown in /var/www/app/vendor/autoload.php on line 23

   INFO  No scheduled commands are ready to run.  

